<?xml version="1.0" encoding="UTF-8"?>
<!-- Generated by org.testng.reporters.JUnitReportReporter -->
<testsuite hostname="Vipin-PC" name="Scripts.ValidLoginLogout" tests="1" failures="0" timestamp="3 Apr 2020 07:27:01 GMT" time="27.151" errors="0">
  <testcase name="verifyLoginWithValidCred" time="27.151" classname="Scripts.ValidLoginLogout"/>
</testsuite> <!-- Scripts.ValidLoginLogout -->
