<?xml version="1.0" encoding="UTF-8"?>
<!-- Generated by org.testng.reporters.JUnitReportReporter -->
<testsuite hostname="Vipin-PC" name="Scripts.EndToEndProccess" tests="1" failures="0" timestamp="10 Apr 2020 05:03:14 GMT" time="106.311" errors="0">
  <testcase name="endToEndProccess" time="106.311" classname="Scripts.EndToEndProccess"/>
</testsuite> <!-- Scripts.EndToEndProccess -->
