<?xml version="1.0" encoding="UTF-8"?>
<!-- Generated by org.testng.reporters.JUnitReportReporter -->
<testsuite hostname="Vipin-PC" name="Scripts.EndToEndProccess" tests="1" failures="0" timestamp="13 Apr 2020 10:27:19 GMT" time="166.668" errors="0">
  <testcase name="endToEndProccess" time="166.668" classname="Scripts.EndToEndProccess"/>
</testsuite> <!-- Scripts.EndToEndProccess -->
