<?xml version="1.0" encoding="UTF-8"?>
<!-- Generated by org.testng.reporters.JUnitReportReporter -->
<testsuite hostname="Vipin-PC" name="Scripts.JUnitFrameWork" tests="2" failures="0" timestamp="7 Apr 2020 05:00:53 GMT" time="7.838" errors="0">
  <testcase name="searchProccess" time="2.013" classname="Scripts.JUnitFrameWork"/>
  <testcase name="loginPerform" time="5.825" classname="Scripts.JUnitFrameWork"/>
</testsuite> <!-- Scripts.JUnitFrameWork -->
